MPASM  5.31                   TERMOTANQUE.ASM   10-30-2023  7:12:53         PAGE  1


LOC  OBJECT CODE     LINE SOURCE TEXT
  VALUE

                      00001 ; Configuración del PIC16F628A
                      00002         list    p=16F628A        ; Lista de instrucciones del PIC16F628A
                      00003         #include <P16F628A.INC>  ; Archivo de inclusión específico del PIC16F628A
                      00001         LIST
                      00002 ; P16F628A.INC  Standard Header File, Version 1.10    Microchip Technology, Inc.
                      00265         LIST
                      00004 
                      00005 ; Definición de bits trisb
  00000000            00006 BA      equ 0    ; Bit asociado al LED azul (Bomba encendida)
  00000001            00007 TR      equ 1    ; Bit asociado al LED rojo (Resistencia encendida)
  00000003            00008 CA      equ 3    ; Bit asociado al LED verde (Canilla abierta)
  00000004            00009 CE      equ 4    ; Bit asociado al LED blanco (Canilla cerrada)
  00000005            00010 Ta      equ 5    ; Bit asociado para la temperatura del agua (Ta)
  00000006            00011 Ca      equ 6    ; Bit asociado para la cantidad del agua (Ca)
                      00012 
                      00013 ; Definición de constantes
  0000006E            00014 CAPACIDAD_TERMOTANQUE    equ d'110'     ; Capacidad del termotanque en litros
  00000014            00015 Tm                                   equ d'20'      ; Temperatura mínima de trabajo en °C
  0000002D            00016 TM                                   equ d'45'      ; Temperatura máxima donde debe dejar de calentar en
                             °C
  00000032            00017 CANTIDAD_AGUA            equ d'50'      ; Cantidad de agua para cerrar la canilla en litros
                      00018         CBLOCK 0x20
  00000020            00019         COUNT1
  00000021            00020         COUNT2
                      00021         ENDC
                      00022 
                      00023 ; Inicio del programa
                      00024         org 0x00
0000   2???           00025     goto inicio
                      00026 
                      00027 ; Rutina de interrupción
                      00028     ORG 0x04
0004   0009           00029     RETFIE
                      00030 
                      00031 ; Subrutina para verificar si hay agua suficiente en el termotanque
0005                  00032 verificar_agua:
                      00033     ; Verificar si el termotanque tiene suficiente agua (si es menor de 110 litros)
                      00034     ; Si es menor, se enciende la bomba (BA) y se espera a que la cantidad de agua alcance el nivel nece
                            sario.
                      00035 
0005                  00036 loop_agua
0005   306E           00037     movlw CAPACIDAD_TERMOTANQUE
0006   0206           00038     subwf Ca, w
0007   1D03           00039     btfss STATUS, Z                     ; Si Ca - w es 0 se hace salto de 1 instruccion
0008   2???           00040     goto agua_insuficiente
                      00041 
                      00042     ; Apagar la bomba (BA)
0009   1006           00043     bcf PORTB, BA
                      00044 
000A   0008           00045     return
                      00046 
000B                  00047 agua_insuficiente:
                      00048         ; Encender la bomba (BA)
MPASM  5.31                   TERMOTANQUE.ASM   10-30-2023  7:12:53         PAGE  2


LOC  OBJECT CODE     LINE SOURCE TEXT
  VALUE

000B   1406           00049     bsf PORTB, BA
                      00050     
000C   2???           00051     call delay_espera
000D   2???           00052     call delay_espera
000E   2???           00053     call delay_espera
000F   2???           00054     call delay_espera
0010   2???           00055     call delay_espera
                      00056 
0011   2???           00057         goto loop_agua
                      00058         
0012   0008           00059     return
                      00060 
                      00061 ; Subrutina para verificar la temperatura del agua
0013                  00062 verificar_temperatura:
                      00063     ; Verificar la temperatura del agua y encender la resistencia (TR) si es necesario
                      00064     ; Mostrar el estado de la temperatura en el led amarillo (TA)
                      00065 
0013                  00066 loop_temp
                      00067     ; Leer la temperatura max (TM)
0013   082D           00068     movf TM, w
                      00069 
                      00070     ; Comparar con la temperatura del agua (Ta)
0014   0205           00071     subwf Ta, w
0015   1D03           00072     btfss STATUS, Z                     ; Si Ta - w es 0 se hace salto de 1 instruccion
0016   2???           00073     goto temperatura_baja
                      00074 
                      00075     ; Apagar la resistencia y mostrar el estado en el led rojo (TR)
0017   1086           00076     bcf PORTB, TR
                      00077 
0018   0008           00078     return
                      00079 
0019                  00080 temperatura_baja:
                      00081     ; Encender la resistencia y mostrar el estado en el led rojo (TR)
0019   1486           00082     bsf PORTB, TR
                      00083 
001A   2???           00084     call delay_espera
001B   2???           00085     call delay_espera
001C   2???           00086     call delay_espera
001D   2???           00087     call delay_espera
001E   2???           00088     call delay_espera
                      00089 
001F   2???           00090         goto loop_temp
                      00091 
0020   0008           00092     return
                      00093 
                      00094 ; Subrutina para verificar si la canilla debe abrirse o cerrarse
0021                  00095 verificar_canilla:
                      00096     ; Verificar la apertura y cierre de la canilla. Cuando la cantidad de agua alcanza los 50 litros,
                      00097     ; se cierra la canilla (CE) y se espera un tiempo antes de activar la bomba (BA) y la resistencia (T
                            R).
                      00098 
                      00099     ; Verificar si la canilla está cerrada (CE)
0021   1E06           00100     btfss PORTB, CE
MPASM  5.31                   TERMOTANQUE.ASM   10-30-2023  7:12:53         PAGE  3


LOC  OBJECT CODE     LINE SOURCE TEXT
  VALUE

0022   2???           00101     goto canilla_abierta
                      00102 
                      00103     ; Verificar si la cantidad de agua alcanzó el límite
0023   3032           00104     movlw CANTIDAD_AGUA
0024   0206           00105     subwf Ca, w
0025   1903           00106     btfsc STATUS, Z                                     ; Si Ca - w es 0 no se hace salto de 1 instrucci
                            on
0026   2???           00107     goto cantidad_agua_alcanzada
                      00108 
                      00109     ; Abrir la canilla (CA)
0027   1586           00110     bsf PORTB, CA
                      00111 
0028   0008           00112     return
                      00113 
0029                  00114 cantidad_agua_alcanzada:
                      00115     ; Cerrar la canilla (CE)
0029   1186           00116     bcf PORTB, CA
                      00117 
                      00118     ; Esperar un tiempo antes de encender la bomba (BA) y la resistencia (TR)
002A   2???           00119     call delay_espera
002B   2???           00120     call delay_espera
                      00121 
                      00122     ; Encender la bomba (BA)
002C   1406           00123     bsf PORTB, BA
                      00124 
                      00125     ; Encender la resistencia (TR)
002D   1486           00126     bsf PORTB, TR
                      00127 
002E   0008           00128     return
                      00129 
002F                  00130 canilla_abierta:
                      00131     ; Verificar si la cantidad de agua es suficiente para cerrar la canilla
002F   3032           00132     movlw CANTIDAD_AGUA
0030   0206           00133     subwf Ca, w
0031   1903           00134     btfsc STATUS, Z                                     ; Si Ca - w es 0 no se hace salto de 1 instrucci
                            on
0032   2???           00135     goto cantidad_agua_suficiente
                      00136 
                      00137     ; Abrir la canilla (CA)
0033   1586           00138     bsf PORTB, CA
                      00139 
0034   0008           00140     return
                      00141 
0035                  00142 cantidad_agua_suficiente:
                      00143     ; Cerrar la canilla (CE)
0035   1186           00144     bcf PORTB, CA
                      00145 
0036   0008           00146     return
                      00147 
                      00148 ; Subrutina de espera (delay)
0037                  00149 delay_espera:
                      00150     ; Implementar delay para esperar un tiempo antes de encender la bomba (BA) y la resistencia (TR)
                      00151 
MPASM  5.31                   TERMOTANQUE.ASM   10-30-2023  7:12:53         PAGE  4


LOC  OBJECT CODE     LINE SOURCE TEXT
  VALUE

0037   30FF           00152     movlw 0xFF
0038   00A0           00153     movwf COUNT1
0039                  00154 delay_loop1:
0039   30FF           00155     movlw 0xFF
003A   00A1           00156     movwf COUNT2
003B                  00157 delay_loop2:
003B   0BA1           00158     decfsz COUNT2, f
003C   2???           00159     goto delay_loop2
003D   0BA0           00160     decfsz COUNT1, f
003E   2???           00161     goto delay_loop1
                      00162 
003F   0008           00163     return
                      00164     
                      00165     
                      00166 ; Inicio del programa
0040                  00167 inicio:
                      00168     ; Configuración de puertos y registros
0040   1683           00169     bsf STATUS, RP0        ; Seleccionar el banco 1 de registros
0041   3060           00170     movlw b'01100000'      ; Config TRISB
Message[302]: Register in operand not in bank 0.  Ensure that bank bits are correct.
0042   0086           00171     movwf TRISB;
                      00172 
                      00173      ; Apagar Watchdog Timer
0043   3007           00174     MOVLW 0x7
Message[302]: Register in operand not in bank 0.  Ensure that bank bits are correct.
0044   0081           00175     MOVWF OPTION_REG
                      00176     ; Deseleccionar el banco de registros 1 (volver al banco 0)
0045   1283           00177     BCF STATUS, RP0
                      00178 
0046   1006           00179         bcf PORTB, BA
0047   1086           00180         bcf PORTB, TR
0048   1186           00181         bcf PORTB, CA
0049   1206           00182         bcf PORTB, CE
                      00183         
004A                  00184 bucle_principal:
004A   2???           00185     call verificar_agua                 ; Verificar si hay agua suficiente en el termotanque
004B   2???           00186     call verificar_temperatura  ; Verificar la temperatura del agua
004C   2???           00187     call verificar_canilla              ; Verificar si la canilla debe abrirse o cerrarse
004D   2???           00188     goto bucle_principal
                      00189     end
MPASM  5.31                   TERMOTANQUE.ASM   10-30-2023  7:12:53         PAGE  5


SYMBOL TABLE
  LABEL                             VALUE 

ADEN                              00000003
BA                                00000000
BRGH                              00000002
C                                 00000000
C1INV                             00000004
C1OUT                             00000006
C2INV                             00000005
C2OUT                             00000007
CA                                00000003
CANTIDAD_AGUA                     00000032
CAPACIDAD_TERMOTANQUE             0000006E
CCP1CON                           00000017
CCP1IE                            00000002
CCP1IF                            00000002
CCP1M0                            00000000
CCP1M1                            00000001
CCP1M2                            00000002
CCP1M3                            00000003
CCP1X                             00000005
CCP1Y                             00000004
CCPR1H                            00000016
CCPR1L                            00000015
CE                                00000004
CIS                               00000003
CM0                               00000000
CM1                               00000001
CM2                               00000002
CMCON                             0000001F
CMIE                              00000006
CMIF                              00000006
COUNT1                            00000020
COUNT2                            00000021
CREN                              00000004
CSRC                              00000007
Ca                                00000006
DC                                00000001
EEADR                             0000009B
EECON1                            0000009C
EECON2                            0000009D
EEDATA                            0000009A
EEIE                              00000007
EEIF                              00000007
F                                 00000001
FERR                              00000002
FSR                               00000004
GIE                               00000007
INDF                              00000000
INTCON                            0000000B
INTE                              00000004
INTEDG                            00000006
INTF                              00000001
IRP                               00000007
NOT_BO                            00000000
MPASM  5.31                   TERMOTANQUE.ASM   10-30-2023  7:12:53         PAGE  6


SYMBOL TABLE
  LABEL                             VALUE 

NOT_BOD                           00000000
NOT_BOR                           00000000
NOT_PD                            00000003
NOT_POR                           00000001
NOT_RBPU                          00000007
NOT_T1SYNC                        00000002
NOT_TO                            00000004
OERR                              00000001
OPTION_REG                        00000081
OSCF                              00000003
PCL                               00000002
PCLATH                            0000000A
PCON                              0000008E
PEIE                              00000006
PIE1                              0000008C
PIR1                              0000000C
PORTA                             00000005
PORTB                             00000006
PR2                               00000092
PS0                               00000000
PS1                               00000001
PS2                               00000002
PSA                               00000003
RBIE                              00000003
RBIF                              00000000
RCIE                              00000005
RCIF                              00000005
RCREG                             0000001A
RCSTA                             00000018
RD                                00000000
RP0                               00000005
RP1                               00000006
RX9                               00000006
RX9D                              00000000
SPBRG                             00000099
SPEN                              00000007
SREN                              00000005
STATUS                            00000003
SYNC                              00000004
T0CS                              00000005
T0IE                              00000005
T0IF                              00000002
T0SE                              00000004
T1CKPS0                           00000004
T1CKPS1                           00000005
T1CON                             00000010
T1OSCEN                           00000003
T2CKPS0                           00000000
T2CKPS1                           00000001
T2CON                             00000012
TM                                0000002D
TMR0                              00000001
TMR1CS                            00000001
MPASM  5.31                   TERMOTANQUE.ASM   10-30-2023  7:12:53         PAGE  7


SYMBOL TABLE
  LABEL                             VALUE 

TMR1H                             0000000F
TMR1IE                            00000000
TMR1IF                            00000000
TMR1L                             0000000E
TMR1ON                            00000000
TMR2                              00000011
TMR2IE                            00000001
TMR2IF                            00000001
TMR2ON                            00000002
TOUTPS0                           00000003
TOUTPS1                           00000004
TOUTPS2                           00000005
TOUTPS3                           00000006
TR                                00000001
TRISA                             00000085
TRISB                             00000086
TRMT                              00000001
TX9                               00000006
TX9D                              00000000
TXEN                              00000005
TXIE                              00000004
TXIF                              00000004
TXREG                             00000019
TXSTA                             00000098
Ta                                00000005
Tm                                00000014
VR0                               00000000
VR1                               00000001
VR2                               00000002
VR3                               00000003
VRCON                             0000009F
VREN                              00000007
VROE                              00000006
VRR                               00000005
W                                 00000000
WR                                00000001
WREN                              00000002
WRERR                             00000003
Z                                 00000002
_BODEN_OFF                        00003FBF
_BODEN_ON                         00003FFF
_BOREN_OFF                        00003FBF
_BOREN_ON                         00003FFF
_CP_OFF                           00003FFF
_CP_ON                            00001FFF
_DATA_CP_OFF                      00003FFF
_DATA_CP_ON                       00003EFF
_ER_OSC_CLKOUT                    00003FFF
_ER_OSC_NOCLKOUT                  00003FFE
_EXTCLK_OSC                       00003FEF
_HS_OSC                           00003FEE
_INTOSC_OSC_CLKOUT                00003FFD
_INTOSC_OSC_NOCLKOUT              00003FFC
MPASM  5.31                   TERMOTANQUE.ASM   10-30-2023  7:12:53         PAGE  8


SYMBOL TABLE
  LABEL                             VALUE 

_INTRC_OSC_CLKOUT                 00003FFD
_INTRC_OSC_NOCLKOUT               00003FFC
_LP_OSC                           00003FEC
_LVP_OFF                          00003F7F
_LVP_ON                           00003FFF
_MCLRE_OFF                        00003FDF
_MCLRE_ON                         00003FFF
_PWRTE_OFF                        00003FFF
_PWRTE_ON                         00003FF7
_RC_OSC_CLKOUT                    00003FFF
_RC_OSC_NOCLKOUT                  00003FFE
_WDT_OFF                          00003FFB
_WDT_ON                           00003FFF
_XT_OSC                           00003FED
__16F628A                         00000001
__DEBUG                           1
agua_insuficiente                 0000000B
bucle_principal                   0000004A
canilla_abierta                   0000002F
cantidad_agua_alcanzada           00000029
cantidad_agua_suficiente          00000035
delay_espera                      00000037
delay_loop1                       00000039
delay_loop2                       0000003B
inicio                            00000040
loop_agua                         00000005
loop_temp                         00000013
temperatura_baja                  00000019
verificar_agua                    00000005
verificar_canilla                 00000021
verificar_temperatura             00000013

Errors   :     0
Warnings :     0 reported,     0 suppressed
Messages :     2 reported,     0 suppressed

